<?xml version="1.0" encoding="UTF-8"?>
<!-- Generated by org.testng.reporters.JUnitReportReporter -->
<testsuite skipped="0" hostname="DESKTOP-427T7RD" name="com.wordpress.test.AddDelBinPosts" tests="3" failures="0" timestamp="04 Aug 2018 12:19:26 GMT" time="58.354" errors="0">
  <testcase name="addnewPostWordpress" time="39.169" classname="com.wordpress.test.AddDelBinPosts"/>
  <testcase name="deleteAllPost" time="10.633" classname="com.wordpress.test.AddDelBinPosts"/>
  <testcase name="deleteBinPost" time="8.552" classname="com.wordpress.test.AddDelBinPosts"/>
</testsuite> <!-- com.wordpress.test.AddDelBinPosts -->
