<?xml version="1.0" encoding="UTF-8"?>
<!-- Generated by org.testng.reporters.JUnitReportReporter -->
<testsuite skipped="0" hostname="DESKTOP-427T7RD" name="com.wordpress.test.LoginParamData" tests="3" failures="0" timestamp="04 Aug 2018 12:20:48 GMT" time="44.347" errors="0">
  <testcase name="wordPressLogin1" time="15.800" classname="com.wordpress.test.LoginParamData"/>
  <testcase name="wordPressLogin1" time="17.739" classname="com.wordpress.test.LoginParamData"/>
  <testcase name="wordPressLogin1" time="10.808" classname="com.wordpress.test.LoginParamData"/>
</testsuite> <!-- com.wordpress.test.LoginParamData -->
