<?xml version="1.0" encoding="UTF-8"?>
<!-- Generated by org.testng.reporters.JUnitReportReporter -->
<testsuite skipped="0" hostname="DESKTOP-427T7RD" name="com.wordpress.test.TotalPostsDetails" tests="2" failures="0" timestamp="03 Aug 2018 07:20:47 GMT" time="16.086" errors="0">
  <testcase name="addnewPostWordpress" time="11.086" classname="com.wordpress.test.TotalPostsDetails"/>
  <testcase name="Totallinksinwordpress" time="5.000" classname="com.wordpress.test.TotalPostsDetails"/>
</testsuite> <!-- com.wordpress.test.TotalPostsDetails -->
