<?xml version="1.0" encoding="UTF-8"?>
<!-- Generated by org.testng.reporters.JUnitReportReporter -->
<testsuite hostname="DESKTOP-427T7RD" name="com.wordpress.test.TotalPostsDetls" tests="2" failures="0" timestamp="2 Aug 2018 10:02:25 GMT" time="20.437" errors="0">
  <testcase name="Totallinksinwordpress" time="6.481" classname="com.wordpress.test.TotalPostsDetls"/>
  <testcase name="addnewPostWordpress" time="13.956" classname="com.wordpress.test.TotalPostsDetls"/>
</testsuite> <!-- com.wordpress.test.TotalPostsDetls -->
