<?xml version="1.0" encoding="UTF-8"?>
<!-- Generated by org.testng.reporters.JUnitReportReporter -->
<testsuite hostname="DESKTOP-427T7RD" name="com.wordpress.test.DeletePost" tests="1" failures="0" timestamp="1 Aug 2018 18:24:10 GMT" time="12.845" errors="0">
  <testcase name="addnewPostWordpress" time="12.845" classname="com.wordpress.test.DeletePost"/>
</testsuite> <!-- com.wordpress.test.DeletePost -->
