<?xml version="1.0" encoding="UTF-8"?>
<!-- Generated by org.testng.reporters.JUnitReportReporter -->
<testsuite skipped="0" hostname="DESKTOP-427T7RD" name="com.wordpress.test.AddNewPost" tests="3" failures="0" timestamp="02 Aug 2018 12:43:17 GMT" time="44.890" errors="0">
  <testcase name="addnewPostWordpress" time="26.799" classname="com.wordpress.test.AddNewPost"/>
  <testcase name="deletePostAll" time="9.454" classname="com.wordpress.test.AddNewPost"/>
  <testcase name="deletePostBin" time="8.637" classname="com.wordpress.test.AddNewPost"/>
</testsuite> <!-- com.wordpress.test.AddNewPost -->
